[12/27/2015 04:31:33] admin submitted happy_ctf with kpm 0 [CORRECT]
[12/27/2015 05:12:49] admin submitted ilovenesfuckyouhcgorsa with kpm 0 [CORRECT]
[12/27/2015 06:56:45] admin submitted who is the girl? with kpm 0 [CORRECT]
[12/27/2015 06:57:00] admin submitted admin123 with kpm 0 [CORRECT]
[12/27/2015 08:03:11] admin submitted you win! with kpm 0 [CORRECT]
[12/27/2015 10:23:14] lalalsls submitted 306ctf{who i s the gril?} with kpm 0 [WRONG]
[12/27/2015 10:23:20] lalalsls submitted 306ctf{who is the gril?} with kpm 1 [WRONG]
[12/27/2015 10:23:21] lalalsls submitted 306ctf{who is the gril?} with kpm 2 [WRONG]
[12/27/2015 10:23:55] lalalsls submitted 306ctf{who is the gril} with kpm 3 [WRONG]
[12/27/2015 10:24:02] lalalsls submitted 306ctf{who i s the gril?} with kpm 4 [WRONG]
[12/27/2015 10:24:18] lalalsls submitted 306ctf{who i s the girl?} with kpm 4 [WRONG]
[12/27/2015 10:24:22] lalalsls submitted 306ctf{who is the girl?} with kpm 3 [WRONG]
[12/27/2015 10:24:26] lalalsls submitted 306ctf{who is the girl} with kpm 4 [WRONG]
[12/27/2015 10:28:20] lalalsls submitted the flag is 306ctf{who is the girl?} with kpm 0 [WRONG]
[12/27/2015 10:28:37] lalalsls submitted 306ctf{witg} with kpm 1 [WRONG]
[12/27/2015 10:28:53] Levana submitted admin123 with kpm 0 [CORRECT]
[12/27/2015 10:28:57] lalalsls submitted who is the girl with kpm 2 [WRONG]
[12/27/2015 10:29:41] lalalsls submitted who is the girl? with kpm 1 [CORRECT]
[12/27/2015 10:31:34] john lian submitted admin with kpm 0 [WRONG]
[12/27/2015 10:34:32] Levana submitted 306ctf{you win!} with kpm 0 [WRONG]
[12/27/2015 10:34:42] Levana submitted you win! with kpm 1 [CORRECT]
[12/27/2015 10:41:03] April38 submitted admin123 with kpm 0 [CORRECT]
[12/27/2015 10:44:42] admin submitted xie xie wohuiyongyuanjizhuni with kpm 0 [CORRECT]
[12/27/2015 10:46:55] john lian submitted admin123 with kpm 0 [CORRECT]
[12/27/2015 10:48:27] john lian submitted xie xie xie wo hui yong yuan ji zhu ni with kpm 0 [WRONG]
[12/27/2015 10:49:11] Levana submitted who i s the gi rl? with kpm 0 [WRONG]
[12/27/2015 10:49:30] Levana submitted who is the girl? with kpm 1 [CORRECT]
[12/27/2015 10:50:01] john lian submitted xie xie wo hui yong yuan ji zhu ni with kpm 0 [WRONG]
[12/27/2015 10:50:58] john lian submitted xie xie wo hui yong yuan ji zhu ni with kpm 1 [WRONG]
[12/27/2015 11:04:45] john lian submitted 123 with kpm 0 [WRONG]
[12/27/2015 11:10:25] lalalsls submitted admin123 with kpm 0 [CORRECT]
[12/27/2015 11:16:11] john lian submitted nvshe with kpm 0 [WRONG]
[12/27/2015 11:16:12] john lian submitted nvshe with kpm 1 [WRONG]
[12/27/2015 11:18:58] April38 submitted  306ctf{who is the girl?} with kpm 0 [WRONG]
[12/27/2015 11:19:11] April38 submitted  306ctf{who is the girl?} with kpm 1 [WRONG]
[12/27/2015 11:19:17] April38 submitted  306ctf{who is the girl?} with kpm 2 [WRONG]
[12/27/2015 11:19:22] April38 submitted  306ctf{who is the girl?} with kpm 3 [WRONG]
[12/27/2015 11:19:57] April38 submitted the flag is 306ctf{who is the girl?} with kpm 4 [WRONG]
[12/27/2015 11:21:46] April38 submitted who is the girl? with kpm 0 [CORRECT]
[12/27/2015 11:22:23] April38 submitted who is the girl? with kpm 0 [WRONG]
[12/27/2015 11:23:04] john lian submitted  with kpm 0 [WRONG]
[12/27/2015 11:35:47] john lian submitted wireshark with kpm 0 [WRONG]
[12/27/2015 11:35:57] john lian submitted wireshark_is_easy with kpm 1 [CORRECT]
[12/27/2015 11:36:24] Levana submitted xie xie wohuiyongyuanjizhuni with kpm 0 [CORRECT]
[12/27/2015 11:38:58] April38 submitted 306ctf{happy_ctf} with kpm 0 [WRONG]
[12/27/2015 11:39:05] April38 submitted happy_ctf with kpm 1 [CORRECT]
[12/27/2015 11:40:12] lalalsls submitted xie xie wohuiyongyuanjizhuni with kpm 0 [CORRECT]
[12/27/2015 11:55:35] April38 submitted xie xie wohuiyongyuanjizhunni with kpm 0 [WRONG]
[12/27/2015 11:56:11] April38 submitted  xiexiewohuiyongyuanjizhuni       with kpm 1 [WRONG]
[12/27/2015 11:57:45] April38 submitted xie xie wohuiyongyuanjizhuni with kpm 0 [CORRECT]
[12/27/2015 12:03:23] Levana submitted happy_ctf with kpm 0 [CORRECT]
[12/27/2015 12:03:55] lalalsls submitted happy_ctf with kpm 0 [CORRECT]
[12/27/2015 12:28:15] April38 submitted dd0g_fjdks4r3wrkq7jl with kpm 0 [WRONG]
[12/27/2015 12:29:50] April38 submitted dd0g_fjdks4r3wrkq7jl with kpm 0 [WRONG]
[12/27/2015 12:30:08] April38 submitted dd0g_fjdks4r3wrkq7jl with kpm 1 [WRONG]
[12/27/2015 12:31:26] April38 submitted dd0g fjdks4r3wrkq7jl with kpm 0 [WRONG]
[12/27/2015 12:31:56] April38 submitted 306ctf{dd0g_fjdks4r3wrkq7jl} with kpm 1 [WRONG]
[12/27/2015 12:34:13] April38 submitted you win! with kpm 0 [CORRECT]
[12/27/2015 13:12:35] john lian submitted  with kpm 0 [WRONG]
[12/27/2015 13:17:11] lalalsls submitted hesui with kpm 0 [WRONG]
[12/27/2015 13:17:16] lalalsls submitted he sui with kpm 1 [WRONG]
[12/27/2015 13:17:23] lalalsls submitted nvshehesui with kpm 2 [WRONG]
[12/27/2015 13:21:37] lalalsls submitted you win! with kpm 0 [CORRECT]
[12/27/2015 14:20:46] April38 submitted hesuiiiiii with kpm 0 [WRONG]
[12/27/2015 14:20:53] April38 submitted hesuiiiiii with kpm 1 [WRONG]
[12/27/2015 14:21:08] April38 submitted hesuiiiiii with kpm 2 [WRONG]
[12/27/2015 14:21:16] April38 submitted hesuiiiiiii with kpm 3 [WRONG]
[12/27/2015 14:21:29] April38 submitted hesuiiiiiiii with kpm 4 [WRONG]
[12/27/2015 14:21:33] April38 submitted hesuiiiiiiiii with kpm 5 [WRONG]
[12/27/2015 14:21:38] April38 submitted hesuiiiiiiiii with kpm 6 [WRONG]
[12/27/2015 14:22:01] April38 submitted hesuiiii with kpm 5 [WRONG]
[12/27/2015 14:22:05] April38 submitted hesuiiiii with kpm 6 [CORRECT]
[12/27/2015 14:31:53] lalalsls submitted hesuiiiii with kpm 0 [CORRECT]
[12/27/2015 15:30:48] April38 submitted 306 with kpm 0 [WRONG]
[12/27/2015 15:30:54] April38 submitted a306 with kpm 1 [WRONG]
[12/27/2015 15:39:28] john lian submitted flag with kpm 0 [WRONG]
[12/27/2015 15:39:42] john lian submitted isset with kpm 1 [WRONG]
[12/27/2015 15:42:20] April38 submitted widowsxp with kpm 0 [WRONG]
[12/27/2015 15:42:28] April38 submitted windows xp with kpm 1 [WRONG]
[12/27/2015 16:36:50] lalalsls submitted 306ctf with kpm 0 [WRONG]
[12/27/2015 16:37:27] lalalsls submitted 306ctf{dssdcmlw} with kpm 1 [CORRECT]
[12/27/2015 16:55:49] john lian submitted admin with kpm 0 [WRONG]
[12/27/2015 17:02:08] john lian submitted 555 with kpm 0 [WRONG]
[12/27/2015 17:02:12] john lian submitted gif with kpm 1 [WRONG]
[12/27/2015 17:02:25] john lian submitted picture with kpm 2 [WRONG]
[12/27/2015 17:06:02] April38 submitted {doushenshendechumailewo} with kpm 0 [WRONG]
[12/27/2015 17:06:40] April38 submitted 306ctf{dssdcmlw} with kpm 1 [CORRECT]
[12/27/2015 17:07:02] Levana submitted md5_collision_is_easy with kpm 0 [CORRECT]
[12/27/2015 17:08:13] Levana submitted 306ctf{dssdcmlw} with kpm 0 [CORRECT]
[12/27/2015 17:08:46] john lian submitted QNKCDZO with kpm 0 [WRONG]
[12/27/2015 17:08:55] john lian submitted echo with kpm 1 [WRONG]
[12/27/2015 17:09:02] john lian submitted false with kpm 2 [WRONG]
[12/27/2015 17:09:12] john lian submitted echo with kpm 3 [WRONG]
[12/27/2015 17:09:28] john lian submitted CDZO with kpm 4 [WRONG]
[12/27/2015 17:09:34] john lian submitted QNKC with kpm 5 [WRONG]
[12/27/2015 17:09:38] john lian submitted QNKCDZO with kpm 6 [WRONG]
[12/27/2015 17:11:23] john lian submitted **** with kpm 0 [WRONG]
[12/27/2015 17:11:29] john lian submitted md52 with kpm 1 [WRONG]
[12/27/2015 17:11:36] john lian submitted md51 with kpm 2 [WRONG]
[12/27/2015 17:12:21] john lian submitted 4519934940580242 with kpm 3 [WRONG]
[12/27/2015 17:12:46] john lian submitted 188261eb779a0868 with kpm 1 [WRONG]
[12/27/2015 17:12:46] john lian submitted 188261eb779a0868 with kpm 2 [WRONG]
[12/27/2015 17:26:27] Levana submitted hesuiiiii with kpm 0 [CORRECT]
[12/27/2015 17:38:37] john lian submitted fee with kpm 0 [WRONG]
[12/27/2015 18:17:32] john lian submitted  xie xie wo hui yong yuan ji zhu ni with kpm 0 [WRONG]
[12/27/2015 18:17:54] john lian submitted xiexiewohui yongyuanjizhuni with kpm 1 [WRONG]
[12/27/2015 18:33:17] Levana submitted ilovenesfuckyouhcgorsa with kpm 0 [CORRECT]
[12/27/2015 22:01:02] Levana submitted js is one the best language! with kpm 0 [CORRECT]
[12/29/2015 16:46:32] Levana submitted wireshark_is_easy with kpm 0 [CORRECT]
[12/29/2015 17:31:57] April38 submitted ilovenesfuckyouhcgorsa with kpm 0 [CORRECT]
