[12/27/2015 04:28:16] admin logged in
[12/27/2015 09:30:06] admin logged in
[12/27/2015 10:17:53] john lian logged in
[12/27/2015 10:19:41] lalalsls logged in
[12/27/2015 10:21:12] Levana logged in
[12/27/2015 10:21:32] john lian logged in
[12/27/2015 10:27:09] April38 logged in
[12/27/2015 11:00:50] admin logged in
[12/27/2015 12:40:36] john lian logged in
[12/27/2015 16:34:45] lalalsls logged in
[12/27/2015 21:50:59] Levana logged in
[12/28/2015 07:54:02] Levana logged in
[12/28/2015 10:18:45] admin logged in
[12/28/2015 23:28:54] Levana logged in
[12/28/2015 23:31:00] Levana logged in
[12/29/2015 16:31:16] test logged in
[12/29/2015 17:22:17] Levana logged in
[12/29/2015 17:31:13] April38 logged in
[01/04/2016 11:00:35] admin logged in
[01/14/2016 20:07:44] Levana logged in
[01/14/2016 23:55:17] admin logged in
[01/15/2016 09:31:33] admin logged in
